crab_pPb2016_Pbp_HM120_Ks
crab_pPb2016_Pbp_HM120_Lambda
crab_pPb2016_Pbp_HM150_Ks
crab_pPb2016_Pbp_HM150_Lambda
crab_pPb2016_Pbp_HM185_Ks_1
crab_pPb2016_Pbp_HM185_Ks_2
crab_pPb2016_Pbp_HM185_Ks_3
crab_pPb2016_Pbp_HM185_Ks_4
crab_pPb2016_Pbp_HM185_Ks_5
crab_pPb2016_Pbp_HM185_Ks_6
crab_pPb2016_Pbp_HM185_Lambda_1
crab_pPb2016_Pbp_HM185_Lambda_2
crab_pPb2016_Pbp_HM185_Lambda_3
crab_pPb2016_Pbp_HM185_Lambda_4
crab_pPb2016_Pbp_HM185_Lambda_5
crab_pPb2016_Pbp_HM185_Lambda_6
crab_pPb2016_Pbp_HM250_Ks_7
crab_pPb2016_Pbp_HM250_Lambda_7
crab_pPb2016_Pbp_Ks
crab_pPb2016_Pbp_Lambda
crab_pPb2016_pPb_HM120_Ks
crab_pPb2016_pPb_HM120_Lambda
crab_pPb2016_pPb_HM150_Ks
crab_pPb2016_pPb_HM150_Lambda
crab_pPb2016_pPb_HM185_Ks_1
crab_pPb2016_pPb_HM185_Ks_2
crab_pPb2016_pPb_HM185_Ks_3
crab_pPb2016_pPb_HM185_Ks_4
crab_pPb2016_pPb_HM185_Ks_5
crab_pPb2016_pPb_HM185_Ks_6
crab_pPb2016_pPb_HM185_Lambda_1
crab_pPb2016_pPb_HM185_Lambda_2
crab_pPb2016_pPb_HM185_Lambda_3
crab_pPb2016_pPb_HM185_Lambda_4
crab_pPb2016_pPb_HM185_Lambda_5
crab_pPb2016_pPb_HM185_Lambda_6
crab_pPb2016_pPb_HM250_Ks_7
crab_pPb2016_pPb_HM250_Lambda_7
crab_pPb2016_pPb_Ks
crab_pPb2016_pPb_Lambda
